<?xml version="1.0" encoding="UTF-8"?>
<coverage generated="1678167645772" clover="3.2.0">
  <project timestamp="1678167645772" name="All files">
    <metrics statements="64" coveredstatements="60" conditionals="32" coveredconditionals="28" methods="5" coveredmethods="5" elements="101" coveredelements="93" complexity="0" loc="64" ncloc="64" packages="1" files="2" classes="2"/>
    <file name="calc.ts" path="/Users/artginzburg/calc/calc.ts">
      <metrics statements="57" coveredstatements="53" conditionals="27" coveredconditionals="23" methods="4" coveredmethods="4"/>
      <line num="1" count="1" type="stmt"/>
      <line num="3" count="1" type="stmt"/>
      <line num="5" count="1" type="cond" truecount="1" falsecount="0"/>
      <line num="10" count="168" type="cond" truecount="7" falsecount="0"/>
      <line num="12" count="30" type="stmt"/>
      <line num="15" count="64" type="stmt"/>
      <line num="18" count="22" type="stmt"/>
      <line num="20" count="5" type="stmt"/>
      <line num="22" count="47" type="stmt"/>
      <line num="28" count="58" type="stmt"/>
      <line num="29" count="58" type="stmt"/>
      <line num="30" count="58" type="stmt"/>
      <line num="32" count="58" type="stmt"/>
      <line num="33" count="58" type="cond" truecount="1" falsecount="0"/>
      <line num="34" count="58" type="stmt"/>
      <line num="43" count="1" type="stmt"/>
      <line num="44" count="21" type="stmt"/>
      <line num="45" count="21" type="stmt"/>
      <line num="46" count="21" type="stmt"/>
      <line num="47" count="21" type="stmt"/>
      <line num="49" count="21" type="stmt"/>
      <line num="50" count="190" type="cond" truecount="8" falsecount="1"/>
      <line num="52" count="31" type="cond" truecount="1" falsecount="0"/>
      <line num="53" count="18" type="stmt"/>
      <line num="54" count="18" type="stmt"/>
      <line num="55" count="18" type="stmt"/>
      <line num="62" count="56" type="cond" truecount="1" falsecount="1"/>
      <line num="63" count="56" type="stmt"/>
      <line num="64" count="56" type="stmt"/>
      <line num="65" count="28" type="stmt"/>
      <line num="67" count="56" type="cond" truecount="2" falsecount="0"/>
      <line num="68" count="16" type="stmt"/>
      <line num="69" count="16" type="cond" truecount="0" falsecount="1"/>
      <line num="70" count="0" type="stmt"/>
      <line num="73" count="40" type="stmt"/>
      <line num="74" count="40" type="stmt"/>
      <line num="77" count="0" type="stmt"/>
      <line num="79" count="56" type="stmt"/>
      <line num="81" count="16" type="stmt"/>
      <line num="82" count="16" type="stmt"/>
      <line num="84" count="0" type="stmt"/>
      <line num="86" count="100" type="stmt"/>
      <line num="88" count="100" type="cond" truecount="2" falsecount="0"/>
      <line num="89" count="61" type="stmt"/>
      <line num="90" count="61" type="stmt"/>
      <line num="92" count="39" type="stmt"/>
      <line num="93" count="39" type="stmt"/>
      <line num="94" count="39" type="stmt"/>
      <line num="96" count="100" type="stmt"/>
      <line num="99" count="21" type="stmt"/>
      <line num="100" count="30" type="stmt"/>
      <line num="103" count="21" type="cond" truecount="0" falsecount="1"/>
      <line num="104" count="0" type="stmt"/>
      <line num="107" count="21" type="stmt"/>
      <line num="111" count="1" type="stmt"/>
      <line num="112" count="1" type="stmt"/>
      <line num="113" count="1" type="stmt"/>
    </file>
    <file name="operate.ts" path="/Users/artginzburg/calc/operate.ts">
      <metrics statements="7" coveredstatements="7" conditionals="5" coveredconditionals="5" methods="1" coveredmethods="1"/>
      <line num="7" count="1" type="stmt"/>
      <line num="8" count="58" type="cond" truecount="5" falsecount="0"/>
      <line num="10" count="8" type="stmt"/>
      <line num="12" count="31" type="stmt"/>
      <line num="14" count="13" type="stmt"/>
      <line num="16" count="2" type="stmt"/>
      <line num="18" count="4" type="stmt"/>
    </file>
  </project>
</coverage>
