<?xml version="1.0" encoding="UTF-8"?>
<coverage generated="1678168957624" clover="3.2.0">
  <project timestamp="1678168957624" name="All files">
    <metrics statements="57" coveredstatements="56" conditionals="27" coveredconditionals="26" methods="4" coveredmethods="4" elements="88" coveredelements="86" complexity="0" loc="57" ncloc="57" packages="1" files="1" classes="1"/>
    <file name="calc.ts" path="/Users/artginzburg/calc/calc.ts">
      <metrics statements="57" coveredstatements="56" conditionals="27" coveredconditionals="26" methods="4" coveredmethods="4"/>
      <line num="1" count="1" type="stmt"/>
      <line num="3" count="1" type="stmt"/>
      <line num="5" count="1" type="cond" truecount="1" falsecount="0"/>
      <line num="10" count="178" type="cond" truecount="7" falsecount="0"/>
      <line num="12" count="32" type="stmt"/>
      <line num="15" count="68" type="stmt"/>
      <line num="18" count="22" type="stmt"/>
      <line num="20" count="5" type="stmt"/>
      <line num="22" count="51" type="stmt"/>
      <line num="28" count="62" type="stmt"/>
      <line num="29" count="62" type="stmt"/>
      <line num="30" count="62" type="stmt"/>
      <line num="32" count="62" type="stmt"/>
      <line num="33" count="62" type="cond" truecount="1" falsecount="0"/>
      <line num="34" count="61" type="stmt"/>
      <line num="43" count="1" type="stmt"/>
      <line num="44" count="25" type="stmt"/>
      <line num="45" count="25" type="stmt"/>
      <line num="46" count="25" type="stmt"/>
      <line num="47" count="25" type="stmt"/>
      <line num="49" count="25" type="stmt"/>
      <line num="50" count="212" type="cond" truecount="9" falsecount="0"/>
      <line num="52" count="31" type="cond" truecount="1" falsecount="0"/>
      <line num="53" count="18" type="stmt"/>
      <line num="54" count="18" type="stmt"/>
      <line num="55" count="18" type="stmt"/>
      <line num="62" count="60" type="cond" truecount="1" falsecount="1"/>
      <line num="63" count="60" type="stmt"/>
      <line num="64" count="60" type="stmt"/>
      <line num="65" count="29" type="stmt"/>
      <line num="67" count="60" type="cond" truecount="2" falsecount="0"/>
      <line num="68" count="17" type="stmt"/>
      <line num="69" count="17" type="cond" truecount="1" falsecount="0"/>
      <line num="70" count="1" type="stmt"/>
      <line num="73" count="43" type="stmt"/>
      <line num="74" count="43" type="stmt"/>
      <line num="77" count="0" type="stmt"/>
      <line num="79" count="60" type="stmt"/>
      <line num="81" count="17" type="stmt"/>
      <line num="82" count="17" type="stmt"/>
      <line num="84" count="6" type="stmt"/>
      <line num="86" count="111" type="stmt"/>
      <line num="88" count="111" type="cond" truecount="2" falsecount="0"/>
      <line num="89" count="68" type="stmt"/>
      <line num="90" count="68" type="stmt"/>
      <line num="92" count="43" type="stmt"/>
      <line num="93" count="43" type="stmt"/>
      <line num="94" count="43" type="stmt"/>
      <line num="96" count="111" type="stmt"/>
      <line num="99" count="25" type="stmt"/>
      <line num="100" count="33" type="stmt"/>
      <line num="103" count="25" type="cond" truecount="1" falsecount="0"/>
      <line num="104" count="1" type="stmt"/>
      <line num="107" count="24" type="stmt"/>
      <line num="111" count="1" type="stmt"/>
      <line num="112" count="1" type="stmt"/>
      <line num="113" count="1" type="stmt"/>
    </file>
  </project>
</coverage>
