{"total": {"lines":{"total":57,"covered":56,"skipped":0,"pct":98.24},"statements":{"total":58,"covered":57,"skipped":0,"pct":98.27},"functions":{"total":4,"covered":4,"skipped":0,"pct":100},"branches":{"total":27,"covered":26,"skipped":0,"pct":96.29},"branchesTrue":{"total":0,"covered":0,"skipped":0,"pct":"Unknown"}}
,"/Users/artginzburg/calc/calc.ts": {"lines":{"total":57,"covered":56,"skipped":0,"pct":98.24},"functions":{"total":4,"covered":4,"skipped":0,"pct":100},"statements":{"total":58,"covered":57,"skipped":0,"pct":98.27},"branches":{"total":27,"covered":26,"skipped":0,"pct":96.29}}
}
