{"/Users/artginzburg/calc/calc.ts": {"path":"/Users/artginzburg/calc/calc.ts","statementMap":{"0":{"start":{"line":1,"column":0},"end":{"line":1,"column":43}},"1":{"start":{"line":5,"column":11},"end":{"line":5,"column":21}},"2":{"start":{"line":43,"column":9},"end":{"line":108,"column":null}},"3":{"start":{"line":44,"column":18},"end":{"line":44,"column":22}},"4":{"start":{"line":45,"column":18},"end":{"line":45,"column":23}},"5":{"start":{"line":46,"column":38},"end":{"line":46,"column":40}},"6":{"start":{"line":47,"column":26},"end":{"line":47,"column":28}},"7":{"start":{"line":49,"column":4},"end":{"line":98,"column":null}},"8":{"start":{"line":49,"column":17},"end":{"line":49,"column":18}},"9":{"start":{"line":50,"column":6},"end":{"line":97,"column":null}},"10":{"start":{"line":52,"column":10},"end":{"line":56,"column":null}},"11":{"start":{"line":53,"column":12},"end":{"line":53,"column":25}},"12":{"start":{"line":54,"column":12},"end":{"line":54,"column":26}},"13":{"start":{"line":55,"column":12},"end":{"line":55,"column":18}},"14":{"start":{"line":62,"column":10},"end":{"line":78,"column":null}},"15":{"start":{"line":63,"column":12},"end":{"line":63,"column":27}},"16":{"start":{"line":64,"column":12},"end":{"line":66,"column":null}},"17":{"start":{"line":65,"column":14},"end":{"line":65,"column":36}},"18":{"start":{"line":67,"column":12},"end":{"line":75,"column":null}},"19":{"start":{"line":68,"column":27},"end":{"line":68,"column":36}},"20":{"start":{"line":69,"column":14},"end":{"line":71,"column":null}},"21":{"start":{"line":70,"column":16},"end":{"line":70,"column":58}},"22":{"start":{"line":73,"column":14},"end":{"line":73,"column":31}},"23":{"start":{"line":74,"column":14},"end":{"line":74,"column":30}},"24":{"start":{"line":77,"column":12},"end":{"line":77,"column":72}},"25":{"start":{"line":79,"column":10},"end":{"line":79,"column":16}},"26":{"start":{"line":81,"column":10},"end":{"line":81,"column":24}},"27":{"start":{"line":82,"column":10},"end":{"line":82,"column":16}},"28":{"start":{"line":84,"column":10},"end":{"line":84,"column":16}},"29":{"start":{"line":86,"column":28},"end":{"line":86,"column":55}},"30":{"start":{"line":88,"column":10},"end":{"line":95,"column":null}},"31":{"start":{"line":89,"column":12},"end":{"line":89,"column":33}},"32":{"start":{"line":90,"column":12},"end":{"line":90,"column":28}},"33":{"start":{"line":92,"column":22},"end":{"line":92,"column":33}},"34":{"start":{"line":93,"column":12},"end":{"line":93,"column":34}},"35":{"start":{"line":94,"column":12},"end":{"line":94,"column":27}},"36":{"start":{"line":96,"column":10},"end":{"line":96,"column":25}},"37":{"start":{"line":99,"column":4},"end":{"line":101,"column":null}},"38":{"start":{"line":100,"column":6},"end":{"line":100,"column":28}},"39":{"start":{"line":103,"column":4},"end":{"line":105,"column":null}},"40":{"start":{"line":104,"column":6},"end":{"line":104,"column":62}},"41":{"start":{"line":107,"column":4},"end":{"line":107,"column":19}},"42":{"start":{"line":10,"column":4},"end":{"line":23,"column":null}},"43":{"start":{"line":12,"column":8},"end":{"line":12,"column":17}},"44":{"start":{"line":15,"column":8},"end":{"line":15,"column":17}},"45":{"start":{"line":18,"column":8},"end":{"line":18,"column":17}},"46":{"start":{"line":20,"column":8},"end":{"line":20,"column":17}},"47":{"start":{"line":22,"column":8},"end":{"line":22,"column":18}},"48":{"start":{"line":28,"column":15},"end":{"line":28,"column":24}},"49":{"start":{"line":29,"column":14},"end":{"line":29,"column":44}},"50":{"start":{"line":30,"column":14},"end":{"line":30,"column":44}},"51":{"start":{"line":32,"column":21},"end":{"line":32,"column":44}},"52":{"start":{"line":33,"column":4},"end":{"line":35,"column":null}},"53":{"start":{"line":34,"column":6},"end":{"line":34,"column":26}},"54":{"start":{"line":3,"column":0},"end":{"line":3,"column":13}},"55":{"start":{"line":111,"column":20},"end":{"line":111,"column":30}},"56":{"start":{"line":112,"column":18},"end":{"line":112,"column":39}},"57":{"start":{"line":113,"column":0},"end":{"line":113,"column":25}}},"fnMap":{"0":{"name":"(anonymous_0)","decl":{"start":{"line":4,"column":2},"end":{"line":4,"column":null}},"loc":{"start":{"line":5,"column":35},"end":{"line":6,"column":6}}},"1":{"name":"(anonymous_1)","decl":{"start":{"line":43,"column":21},"end":{"line":43,"column":22}},"loc":{"start":{"line":43,"column":37},"end":{"line":108,"column":3}}},"2":{"name":"(anonymous_2)","decl":{"start":{"line":9,"column":12},"end":{"line":9,"column":18}},"loc":{"start":{"line":9,"column":35},"end":{"line":24,"column":3}}},"3":{"name":"(anonymous_3)","decl":{"start":{"line":27,"column":12},"end":{"line":27,"column":17}},"loc":{"start":{"line":27,"column":58},"end":{"line":36,"column":3}}}},"branchMap":{"0":{"loc":{"start":{"line":5,"column":11},"end":{"line":5,"column":35}},"type":"default-arg","locations":[{"start":{"line":5,"column":21},"end":{"line":5,"column":35}}]},"1":{"loc":{"start":{"line":50,"column":6},"end":{"line":97,"column":null}},"type":"switch","locations":[{"start":{"line":51,"column":8},"end":{"line":56,"column":null}},{"start":{"line":57,"column":8},"end":{"line":57,"column":17}},{"start":{"line":58,"column":8},"end":{"line":58,"column":17}},{"start":{"line":59,"column":8},"end":{"line":59,"column":17}},{"start":{"line":60,"column":8},"end":{"line":60,"column":17}},{"start":{"line":61,"column":8},"end":{"line":79,"column":16}},{"start":{"line":80,"column":8},"end":{"line":82,"column":16}},{"start":{"line":83,"column":8},"end":{"line":84,"column":16}},{"start":{"line":85,"column":8},"end":{"line":96,"column":25}}]},"2":{"loc":{"start":{"line":52,"column":10},"end":{"line":56,"column":null}},"type":"if","locations":[{"start":{"line":52,"column":10},"end":{"line":56,"column":null}}]},"3":{"loc":{"start":{"line":62,"column":10},"end":{"line":78,"column":null}},"type":"if","locations":[{"start":{"line":62,"column":10},"end":{"line":78,"column":null}},{"start":{"line":76,"column":17},"end":{"line":78,"column":null}}]},"4":{"loc":{"start":{"line":67,"column":12},"end":{"line":75,"column":null}},"type":"if","locations":[{"start":{"line":67,"column":12},"end":{"line":75,"column":null}},{"start":{"line":72,"column":19},"end":{"line":75,"column":null}}]},"5":{"loc":{"start":{"line":69,"column":14},"end":{"line":71,"column":null}},"type":"if","locations":[{"start":{"line":69,"column":14},"end":{"line":71,"column":null}}]},"6":{"loc":{"start":{"line":88,"column":10},"end":{"line":95,"column":null}},"type":"if","locations":[{"start":{"line":88,"column":10},"end":{"line":95,"column":null}},{"start":{"line":91,"column":17},"end":{"line":95,"column":null}}]},"7":{"loc":{"start":{"line":103,"column":4},"end":{"line":105,"column":null}},"type":"if","locations":[{"start":{"line":103,"column":4},"end":{"line":105,"column":null}}]},"8":{"loc":{"start":{"line":10,"column":4},"end":{"line":23,"column":null}},"type":"switch","locations":[{"start":{"line":11,"column":6},"end":{"line":12,"column":17}},{"start":{"line":13,"column":6},"end":{"line":13,"column":15}},{"start":{"line":14,"column":6},"end":{"line":15,"column":17}},{"start":{"line":16,"column":6},"end":{"line":16,"column":15}},{"start":{"line":17,"column":6},"end":{"line":18,"column":17}},{"start":{"line":19,"column":6},"end":{"line":20,"column":17}},{"start":{"line":21,"column":6},"end":{"line":22,"column":18}}]},"9":{"loc":{"start":{"line":33,"column":4},"end":{"line":35,"column":null}},"type":"if","locations":[{"start":{"line":33,"column":4},"end":{"line":35,"column":null}}]}},"s":{"0":1,"1":1,"2":1,"3":25,"4":25,"5":25,"6":25,"7":25,"8":25,"9":212,"10":31,"11":18,"12":18,"13":18,"14":60,"15":60,"16":60,"17":29,"18":60,"19":17,"20":17,"21":1,"22":43,"23":43,"24":0,"25":60,"26":17,"27":17,"28":6,"29":111,"30":111,"31":68,"32":68,"33":43,"34":43,"35":43,"36":111,"37":25,"38":33,"39":25,"40":1,"41":24,"42":178,"43":32,"44":68,"45":22,"46":5,"47":51,"48":62,"49":62,"50":62,"51":62,"52":62,"53":61,"54":1,"55":1,"56":1,"57":1},"f":{"0":1,"1":25,"2":178,"3":62},"b":{"0":[1],"1":[31,24,37,39,43,60,17,6,111],"2":[18],"3":[60,0],"4":[17,43],"5":[1],"6":[68,43],"7":[1],"8":[32,21,68,20,22,5,51],"9":[61]}}
}
