{"total": {"lines":{"total":64,"covered":60,"skipped":0,"pct":93.75},"statements":{"total":66,"covered":62,"skipped":0,"pct":93.93},"functions":{"total":5,"covered":5,"skipped":0,"pct":100},"branches":{"total":32,"covered":28,"skipped":0,"pct":87.5},"branchesTrue":{"total":0,"covered":0,"skipped":0,"pct":"Unknown"}}
,"/Users/artginzburg/calc/calc.ts": {"lines":{"total":57,"covered":53,"skipped":0,"pct":92.98},"functions":{"total":4,"covered":4,"skipped":0,"pct":100},"statements":{"total":58,"covered":54,"skipped":0,"pct":93.1},"branches":{"total":27,"covered":23,"skipped":0,"pct":85.18}}
,"/Users/artginzburg/calc/operate.ts": {"lines":{"total":7,"covered":7,"skipped":0,"pct":100},"functions":{"total":1,"covered":1,"skipped":0,"pct":100},"statements":{"total":8,"covered":8,"skipped":0,"pct":100},"branches":{"total":5,"covered":5,"skipped":0,"pct":100}}
}
