TN:
SF:calc.ts
FN:4,(anonymous_0)
FN:43,(anonymous_1)
FN:9,(anonymous_2)
FN:27,(anonymous_3)
FNF:4
FNH:4
FNDA:1,(anonymous_0)
FNDA:21,(anonymous_1)
FNDA:168,(anonymous_2)
FNDA:58,(anonymous_3)
DA:1,1
DA:3,1
DA:5,1
DA:10,168
DA:12,30
DA:15,64
DA:18,22
DA:20,5
DA:22,47
DA:28,58
DA:29,58
DA:30,58
DA:32,58
DA:33,58
DA:34,58
DA:43,1
DA:44,21
DA:45,21
DA:46,21
DA:47,21
DA:49,21
DA:50,190
DA:52,31
DA:53,18
DA:54,18
DA:55,18
DA:62,56
DA:63,56
DA:64,56
DA:65,28
DA:67,56
DA:68,16
DA:69,16
DA:70,0
DA:73,40
DA:74,40
DA:77,0
DA:79,56
DA:81,16
DA:82,16
DA:84,0
DA:86,100
DA:88,100
DA:89,61
DA:90,61
DA:92,39
DA:93,39
DA:94,39
DA:96,100
DA:99,21
DA:100,30
DA:103,21
DA:104,0
DA:107,21
DA:111,1
DA:112,1
DA:113,1
LF:57
LH:53
BRDA:5,0,0,1
BRDA:50,1,0,31
BRDA:50,1,1,21
BRDA:50,1,2,34
BRDA:50,1,3,36
BRDA:50,1,4,40
BRDA:50,1,5,56
BRDA:50,1,6,16
BRDA:50,1,7,0
BRDA:50,1,8,100
BRDA:52,2,0,18
BRDA:62,3,0,56
BRDA:62,3,1,0
BRDA:67,4,0,16
BRDA:67,4,1,40
BRDA:69,5,0,0
BRDA:88,6,0,61
BRDA:88,6,1,39
BRDA:103,7,0,0
BRDA:10,8,0,30
BRDA:10,8,1,17
BRDA:10,8,2,64
BRDA:10,8,3,20
BRDA:10,8,4,22
BRDA:10,8,5,5
BRDA:10,8,6,47
BRDA:33,9,0,58
BRF:27
BRH:23
end_of_record
TN:
SF:operate.ts
FN:7,(anonymous_0)
FNF:1
FNH:1
FNDA:58,(anonymous_0)
DA:7,1
DA:8,58
DA:10,8
DA:12,31
DA:14,13
DA:16,2
DA:18,4
LF:7
LH:7
BRDA:8,0,0,8
BRDA:8,0,1,31
BRDA:8,0,2,13
BRDA:8,0,3,2
BRDA:8,0,4,4
BRF:5
BRH:5
end_of_record
