TN:
SF:calc.ts
FN:4,(anonymous_0)
FN:43,(anonymous_1)
FN:9,(anonymous_2)
FN:27,(anonymous_3)
FNF:4
FNH:4
FNDA:1,(anonymous_0)
FNDA:25,(anonymous_1)
FNDA:178,(anonymous_2)
FNDA:62,(anonymous_3)
DA:1,1
DA:3,1
DA:5,1
DA:10,178
DA:12,32
DA:15,68
DA:18,22
DA:20,5
DA:22,51
DA:28,62
DA:29,62
DA:30,62
DA:32,62
DA:33,62
DA:34,61
DA:43,1
DA:44,25
DA:45,25
DA:46,25
DA:47,25
DA:49,25
DA:50,212
DA:52,31
DA:53,18
DA:54,18
DA:55,18
DA:62,60
DA:63,60
DA:64,60
DA:65,29
DA:67,60
DA:68,17
DA:69,17
DA:70,1
DA:73,43
DA:74,43
DA:77,0
DA:79,60
DA:81,17
DA:82,17
DA:84,6
DA:86,111
DA:88,111
DA:89,68
DA:90,68
DA:92,43
DA:93,43
DA:94,43
DA:96,111
DA:99,25
DA:100,33
DA:103,25
DA:104,1
DA:107,24
DA:111,1
DA:112,1
DA:113,1
LF:57
LH:56
BRDA:5,0,0,1
BRDA:50,1,0,31
BRDA:50,1,1,24
BRDA:50,1,2,37
BRDA:50,1,3,39
BRDA:50,1,4,43
BRDA:50,1,5,60
BRDA:50,1,6,17
BRDA:50,1,7,6
BRDA:50,1,8,111
BRDA:52,2,0,18
BRDA:62,3,0,60
BRDA:62,3,1,0
BRDA:67,4,0,17
BRDA:67,4,1,43
BRDA:69,5,0,1
BRDA:88,6,0,68
BRDA:88,6,1,43
BRDA:103,7,0,1
BRDA:10,8,0,32
BRDA:10,8,1,21
BRDA:10,8,2,68
BRDA:10,8,3,20
BRDA:10,8,4,22
BRDA:10,8,5,5
BRDA:10,8,6,51
BRDA:33,9,0,61
BRF:27
BRH:26
end_of_record
